<?xml version="1.0" encoding="UTF-8"?>
<!-- Generated by org.testng.reporters.JUnitReportReporter -->
<testsuite hostname="Raju_Achari" failures="0" tests="4" name="employeeAddPhotograph.EmpPimPhotegraph" time="33.783" errors="0" timestamp="2023-02-10T17:57:11 IST" skipped="0">
  <testcase classname="employeeAddPhotograph.EmpPimPhotegraph" name="loginPage" time="6.865"/>
  <system-out/>
  <testcase classname="employeeAddPhotograph.EmpPimPhotegraph" name="pim" time="4.347"/>
  <system-out/>
  <testcase classname="employeeAddPhotograph.EmpPimPhotegraph" name="addEmployee" time="5.846"/>
  <system-out/>
  <testcase classname="employeeAddPhotograph.EmpPimPhotegraph" name="enterAddemployeeList" time="16.725"/>
  <system-out/>
</testsuite> <!-- employeeAddPhotograph.EmpPimPhotegraph -->
