<?xml version="1.0" encoding="UTF-8"?>
<!-- Generated by org.testng.reporters.JUnitReportReporter -->
<testsuite hostname="Raju_Achari" failures="0" tests="6" name="com.TestNG.Annotations" time="0.005" errors="0" timestamp="2023-01-23T15:41:49 IST" skipped="1">
  <testcase classname="com.TestNG.Annotations" name="gmailApplicationLaunch" time="0.000"/>
  <system-out/>
  <testcase classname="com.TestNG.Annotations" name="gmailInboxTest" time="0.000"/>
  <system-out/>
  <testcase classname="com.TestNG.Annotations" name="gmailCompaseMailTest" time="0.000"/>
  <system-out/>
  <testcase classname="com.TestNG.Annotations" name="gmailDraftsTest" time="0.005"/>
  <system-out/>
  <testcase classname="com.TestNG.Annotations" name="gmailApplicationClose" time="0.000"/>
  <system-out/>
  <testcase classname="com.TestNG.Annotations" name="gmailSentMailTest">
    <skipped/>
  </testcase> <!-- gmailSentMailTest -->
  <system-out/>
</testsuite> <!-- com.TestNG.Annotations -->
