<?xml version="1.0" encoding="UTF-8"?>
<!-- Generated by org.testng.reporters.JUnitReportReporter -->
<testsuite hostname="Raju_Achari" failures="0" tests="4" name="com.TestNG.Annotations3" time="0.000" errors="0" timestamp="2023-01-23T15:48:14 IST" skipped="1">
  <testcase classname="com.TestNG.Annotations3" name="gmailInboxTest" time="0.000"/>
  <system-out/>
  <testcase classname="com.TestNG.Annotations3" name="gmailCompaseMailTest" time="0.000"/>
  <system-out/>
  <testcase classname="com.TestNG.Annotations3" name="gmailDraftsTest" time="0.000"/>
  <system-out/>
  <testcase classname="com.TestNG.Annotations3" name="gmailSentMailTest">
    <skipped/>
  </testcase> <!-- gmailSentMailTest -->
  <system-out/>
</testsuite> <!-- com.TestNG.Annotations3 -->
