<?xml version="1.0" encoding="UTF-8"?>
<!-- Generated by org.testng.reporters.JUnitReportReporter -->
<testsuite hostname="Raju_Achari" failures="0" tests="4" name="com.TestNG.Annotations2" time="0.015" errors="0" timestamp="2023-01-23T15:45:58 IST" skipped="1">
  <testcase classname="com.TestNG.Annotations2" name="gmailInboxTest" time="0.015"/>
  <system-out/>
  <testcase classname="com.TestNG.Annotations2" name="gmailCompaseMailTest" time="0.000"/>
  <system-out/>
  <testcase classname="com.TestNG.Annotations2" name="gmailDraftsTest" time="0.000"/>
  <system-out/>
  <testcase classname="com.TestNG.Annotations2" name="gmailSentMailTest">
    <skipped/>
  </testcase> <!-- gmailSentMailTest -->
  <system-out/>
</testsuite> <!-- com.TestNG.Annotations2 -->
